0 info it worked if it ends with ok
1 verbose cli [ '/usr/bin/node', '/usr/bin/npm', 'bugs', 'data-lovers' ]
2 info using npm@3.5.2
3 info using node@v8.10.0
4 silly fetchPackageMetaData data-lovers
5 silly fetchNamedPackageData data-lovers
6 silly mapToRegistry name data-lovers
7 silly mapToRegistry using default registry
8 silly mapToRegistry registry https://registry.npmjs.org/
9 silly mapToRegistry uri https://registry.npmjs.org/data-lovers
10 verbose request uri https://registry.npmjs.org/data-lovers
11 verbose request no auth needed
12 info attempt registry request try #1 at 15:59:06
13 verbose request id e78778111f7883e0
14 http request GET https://registry.npmjs.org/data-lovers
15 http 404 https://registry.npmjs.org/data-lovers
16 verbose headers { date: 'Mon, 23 Sep 2019 18:59:08 GMT',
16 verbose headers   'content-type': 'application/json',
16 verbose headers   'content-length': '21',
16 verbose headers   connection: 'keep-alive',
16 verbose headers   'set-cookie':
16 verbose headers    [ '__cfduid=d36a9f9cd78fbcb7917d60ca2834b2ef41569265147; expires=Tue, 22-Sep-20 18:59:07 GMT; path=/; domain=.npmjs.org; HttpOnly' ],
16 verbose headers   'cf-cache-status': 'MISS',
16 verbose headers   'cache-control': 'max-age=300',
16 verbose headers   'cf-ray': '51aec100fa88cfdc-GRU',
16 verbose headers   'expect-ct': 'max-age=604800, report-uri="https://report-uri.cloudflare.com/cdn-cgi/beacon/expect-ct"',
16 verbose headers   vary: 'accept-encoding, accept',
16 verbose headers   server: 'cloudflare' }
17 silly get cb [ 404,
17 silly get   { date: 'Mon, 23 Sep 2019 18:59:08 GMT',
17 silly get     'content-type': 'application/json',
17 silly get     'content-length': '21',
17 silly get     connection: 'keep-alive',
17 silly get     'set-cookie':
17 silly get      [ '__cfduid=d36a9f9cd78fbcb7917d60ca2834b2ef41569265147; expires=Tue, 22-Sep-20 18:59:07 GMT; path=/; domain=.npmjs.org; HttpOnly' ],
17 silly get     'cf-cache-status': 'MISS',
17 silly get     'cache-control': 'max-age=300',
17 silly get     'cf-ray': '51aec100fa88cfdc-GRU',
17 silly get     'expect-ct': 'max-age=604800, report-uri="https://report-uri.cloudflare.com/cdn-cgi/beacon/expect-ct"',
17 silly get     vary: 'accept-encoding, accept',
17 silly get     server: 'cloudflare' } ]
18 silly fetchPackageMetaData Error: Not found : data-lovers
18 silly fetchPackageMetaData     at makeError (/usr/share/npm/node_modules/npm-registry-client/lib/request.js:264:12)
18 silly fetchPackageMetaData     at CachingRegistryClient.<anonymous> (/usr/share/npm/node_modules/npm-registry-client/lib/request.js:252:14)
18 silly fetchPackageMetaData     at Request._callback (/usr/share/npm/node_modules/npm-registry-client/lib/request.js:172:14)
18 silly fetchPackageMetaData     at Request.self.callback (/usr/share/npm/node_modules/request/request.js:198:22)
18 silly fetchPackageMetaData     at emitTwo (events.js:126:13)
18 silly fetchPackageMetaData     at Request.emit (events.js:214:7)
18 silly fetchPackageMetaData     at Request.<anonymous> (/usr/share/npm/node_modules/request/request.js:1082:10)
18 silly fetchPackageMetaData     at emitOne (events.js:121:20)
18 silly fetchPackageMetaData     at Request.emit (events.js:211:7)
18 silly fetchPackageMetaData     at IncomingMessage.<anonymous> (/usr/share/npm/node_modules/request/request.js:1009:12)
18 silly fetchPackageMetaData  error for data-lovers { Error: Not found : data-lovers
18 silly fetchPackageMetaData     at makeError (/usr/share/npm/node_modules/npm-registry-client/lib/request.js:264:12)
18 silly fetchPackageMetaData     at CachingRegistryClient.<anonymous> (/usr/share/npm/node_modules/npm-registry-client/lib/request.js:252:14)
18 silly fetchPackageMetaData     at Request._callback (/usr/share/npm/node_modules/npm-registry-client/lib/request.js:172:14)
18 silly fetchPackageMetaData     at Request.self.callback (/usr/share/npm/node_modules/request/request.js:198:22)
18 silly fetchPackageMetaData     at emitTwo (events.js:126:13)
18 silly fetchPackageMetaData     at Request.emit (events.js:214:7)
18 silly fetchPackageMetaData     at Request.<anonymous> (/usr/share/npm/node_modules/request/request.js:1082:10)
18 silly fetchPackageMetaData     at emitOne (events.js:121:20)
18 silly fetchPackageMetaData     at Request.emit (events.js:211:7)
18 silly fetchPackageMetaData     at IncomingMessage.<anonymous> (/usr/share/npm/node_modules/request/request.js:1009:12) pkgid: 'data-lovers', statusCode: 404, code: 'E404' }
19 verbose stack Error: Not found : data-lovers
19 verbose stack     at makeError (/usr/share/npm/node_modules/npm-registry-client/lib/request.js:264:12)
19 verbose stack     at CachingRegistryClient.<anonymous> (/usr/share/npm/node_modules/npm-registry-client/lib/request.js:252:14)
19 verbose stack     at Request._callback (/usr/share/npm/node_modules/npm-registry-client/lib/request.js:172:14)
19 verbose stack     at Request.self.callback (/usr/share/npm/node_modules/request/request.js:198:22)
19 verbose stack     at emitTwo (events.js:126:13)
19 verbose stack     at Request.emit (events.js:214:7)
19 verbose stack     at Request.<anonymous> (/usr/share/npm/node_modules/request/request.js:1082:10)
19 verbose stack     at emitOne (events.js:121:20)
19 verbose stack     at Request.emit (events.js:211:7)
19 verbose stack     at IncomingMessage.<anonymous> (/usr/share/npm/node_modules/request/request.js:1009:12)
20 verbose statusCode 404
21 verbose pkgid data-lovers
22 verbose cwd /home/julia/Área de Trabalho/data-lovers/SAP003-data-lovers
23 error Linux 5.0.0-29-generic
24 error argv "/usr/bin/node" "/usr/bin/npm" "bugs" "data-lovers"
25 error node v8.10.0
26 error npm  v3.5.2
27 error code E404
28 error 404 Not found : data-lovers
29 error 404
30 error 404 'data-lovers' is not in the npm registry.
31 error 404 You should bug the author to publish it (or use the name yourself!)
32 error 404 Note that you can also install from a
33 error 404 tarball, folder, http url, or git url.
34 verbose exit [ 1, true ]
